[00:13:34] [main/WARN]: Ambiguity between arguments [teleport, destination] and [teleport, targets] with inputs: [Player, 0123, @e, dd12be42-52a9-4a91-a8a1-11c01849e498]
[00:13:34] [main/WARN]: Ambiguity between arguments [teleport, location] and [teleport, destination] with inputs: [0.1 -0.5 .9, 0 0 0]
[00:13:34] [main/WARN]: Ambiguity between arguments [teleport, location] and [teleport, targets] with inputs: [0.1 -0.5 .9, 0 0 0]
[00:13:34] [main/WARN]: Ambiguity between arguments [teleport, targets] and [teleport, destination] with inputs: [Player, 0123, dd12be42-52a9-4a91-a8a1-11c01849e498]
[00:13:34] [main/WARN]: Ambiguity between arguments [teleport, targets, location] and [teleport, targets, destination] with inputs: [0.1 -0.5 .9, 0 0 0]
[00:13:34] [main/INFO]: Reloading ResourceManager: Default
[00:13:35] [Worker-Main-12/INFO]: Loaded 7 recipes
[00:13:36] [Worker-Main-12/INFO]: Loaded 927 advancements
[00:13:39] [Server thread/INFO]: Starting minecraft server version 1.16.4
[00:13:39] [Server thread/INFO]: Loading properties
[00:13:39] [Server thread/INFO]: Default game type: SURVIVAL
[00:13:39] [Server thread/INFO]: Generating keypair
[00:13:39] [Server console handler/ERROR]: Exception handling console input
java.io.IOException: Неверный дескриптор
	at java.io.FileInputStream.readBytes(Native Method) ~[?:1.8.0_241]
	at java.io.FileInputStream.read(Unknown Source) ~[?:1.8.0_241]
	at java.io.BufferedInputStream.read1(Unknown Source) ~[?:1.8.0_241]
	at java.io.BufferedInputStream.read(Unknown Source) ~[?:1.8.0_241]
	at sun.nio.cs.StreamDecoder.readBytes(Unknown Source) ~[?:1.8.0_241]
	at sun.nio.cs.StreamDecoder.implRead(Unknown Source) ~[?:1.8.0_241]
	at sun.nio.cs.StreamDecoder.read(Unknown Source) ~[?:1.8.0_241]
	at java.io.InputStreamReader.read(Unknown Source) ~[?:1.8.0_241]
	at java.io.BufferedReader.fill(Unknown Source) ~[?:1.8.0_241]
	at java.io.BufferedReader.readLine(Unknown Source) ~[?:1.8.0_241]
	at java.io.BufferedReader.readLine(Unknown Source) ~[?:1.8.0_241]
	at zg$1.run(SourceFile:95) [server.jar:?]
[00:13:40] [Server thread/INFO]: Starting Minecraft server on 192.168.0.89:25565
[00:13:40] [Server thread/INFO]: Using default channel type
[00:13:45] [Server thread/WARN]: **** SERVER IS RUNNING IN OFFLINE/INSECURE MODE!
[00:13:45] [Server thread/WARN]: The server will make no attempt to authenticate usernames. Beware.
[00:13:45] [Server thread/WARN]: While this makes the game possible to play without internet access, it also opens up the ability for hackers to connect with any username they choose.
[00:13:45] [Server thread/WARN]: To change this, set "online-mode" to "true" in the server.properties file.
[00:13:45] [Server thread/INFO]: Preparing level "world"
[00:13:45] [Server thread/INFO]: Preparing start region for dimension minecraft:overworld
[00:13:47] [Server thread/INFO]: Preparing spawn area: 0%
[00:13:47] [Server thread/INFO]: Preparing spawn area: 0%
[00:13:47] [Server thread/INFO]: Preparing spawn area: 0%
[00:13:47] [Server thread/INFO]: Preparing spawn area: 0%
[00:13:47] [Server thread/INFO]: Preparing spawn area: 0%
[00:13:48] [Server thread/INFO]: Preparing spawn area: 0%
[00:13:48] [Server thread/INFO]: Preparing spawn area: 15%
[00:13:55] [Worker-Main-11/INFO]: Preparing spawn area: 83%
[00:13:55] [Worker-Main-15/INFO]: Preparing spawn area: 83%
[00:13:55] [Worker-Main-13/INFO]: Preparing spawn area: 83%
[00:13:55] [Worker-Main-11/INFO]: Preparing spawn area: 83%
[00:13:55] [Worker-Main-16/INFO]: Preparing spawn area: 83%
[00:13:55] [Worker-Main-11/INFO]: Preparing spawn area: 83%
[00:13:55] [Worker-Main-8/INFO]: Preparing spawn area: 83%
[00:13:55] [Worker-Main-8/INFO]: Preparing spawn area: 83%
[00:13:55] [Worker-Main-15/INFO]: Preparing spawn area: 83%
[00:13:55] [Worker-Main-15/INFO]: Preparing spawn area: 83%
[00:13:55] [Worker-Main-15/INFO]: Preparing spawn area: 83%
[00:13:55] [Worker-Main-8/INFO]: Preparing spawn area: 83%
[00:13:55] [Worker-Main-15/INFO]: Preparing spawn area: 83%
[00:13:55] [Worker-Main-15/INFO]: Preparing spawn area: 83%
[00:13:55] [Worker-Main-8/INFO]: Preparing spawn area: 83%
[00:13:56] [Worker-Main-8/INFO]: Preparing spawn area: 92%
[00:13:56] [Worker-Main-10/INFO]: Preparing spawn area: 92%
[00:13:57] [Worker-Main-13/INFO]: Preparing spawn area: 92%
[00:13:57] [Worker-Main-16/INFO]: Preparing spawn area: 92%
[00:13:58] [Worker-Main-13/INFO]: Preparing spawn area: 92%
[00:13:58] [Worker-Main-15/INFO]: Preparing spawn area: 92%
[00:13:59] [Worker-Main-11/INFO]: Preparing spawn area: 93%
[00:13:59] [Worker-Main-9/INFO]: Preparing spawn area: 94%
[00:14:00] [Server thread/INFO]: Preparing spawn area: 96%
[00:14:00] [Server thread/INFO]: Time elapsed: 15309 ms
[00:14:00] [Server thread/INFO]: Done (15.484s)! For help, type "help"
[00:14:56] [Server thread/INFO]: TrueStory[/178.121.72.198:9678] logged in with entity id 91 at (154.5, 64.0, -113.5)
[00:14:56] [Server thread/INFO]: TrueStory joined the game
[00:14:59] [Server thread/WARN]: Can't keep up! Is the server overloaded? Running 2027ms or 40 ticks behind
[00:15:09] [Server thread/INFO]: SINBa[/192.168.0.89:60510] logged in with entity id 190 at (-774.0604613886121, 78.0, 311.0833205696819)
[00:15:09] [Server thread/INFO]: SINBa joined the game
[00:15:18] [Server thread/WARN]: Can't keep up! Is the server overloaded? Running 4268ms or 85 ticks behind
[00:15:31] [Server thread/WARN]: Mismatch in destroy block pos: fx{x=0, y=0, z=0} fx{x=155, y=62, z=-117}
[00:15:32] [Server thread/WARN]: Mismatch in destroy block pos: fx{x=0, y=0, z=0} fx{x=155, y=62, z=-117}
[00:15:32] [Server thread/WARN]: Mismatch in destroy block pos: fx{x=0, y=0, z=0} fx{x=155, y=62, z=-117}
[00:15:32] [Server thread/WARN]: Mismatch in destroy block pos: fx{x=0, y=0, z=0} fx{x=155, y=62, z=-117}
[00:15:32] [Server thread/WARN]: Mismatch in destroy block pos: fx{x=0, y=0, z=0} fx{x=155, y=62, z=-116}
[00:15:32] [Server thread/WARN]: Mismatch in destroy block pos: fx{x=0, y=0, z=0} fx{x=156, y=62, z=-116}
[00:15:32] [Server thread/WARN]: Mismatch in destroy block pos: fx{x=0, y=0, z=0} fx{x=156, y=62, z=-116}
[00:15:32] [Server thread/WARN]: Mismatch in destroy block pos: fx{x=0, y=0, z=0} fx{x=156, y=62, z=-116}
[00:15:32] [Server thread/WARN]: Mismatch in destroy block pos: fx{x=0, y=0, z=0} fx{x=156, y=62, z=-116}
[00:15:32] [Server thread/WARN]: Mismatch in destroy block pos: fx{x=0, y=0, z=0} fx{x=156, y=62, z=-116}
[00:15:33] [Server thread/WARN]: Mismatch in destroy block pos: fx{x=0, y=0, z=0} fx{x=156, y=62, z=-116}
[00:15:34] [Server thread/WARN]: Mismatch in destroy block pos: fx{x=0, y=0, z=0} fx{x=157, y=63, z=-113}
[00:15:35] [Server thread/WARN]: Mismatch in destroy block pos: fx{x=0, y=0, z=0} fx{x=158, y=64, z=-112}
[00:15:35] [Server thread/WARN]: Mismatch in destroy block pos: fx{x=0, y=0, z=0} fx{x=157, y=64, z=-112}
[00:15:55] [Server thread/INFO]: [SINBa: Set the time to 1000]
[00:16:22] [Server thread/INFO]: [SINBa: Teleported TrueStory to SINBa]
[00:17:44] [Server thread/INFO]: Noxtricks[/46.53.248.54:15183] logged in with entity id 701 at (166.5, 63.0, -112.5)
[00:17:44] [Server thread/INFO]: Noxtricks joined the game
[00:19:09] [Server thread/WARN]: TrueStory moved too quickly! 2.8472500037516966,0.0,-9.661822314084048
[00:19:09] [Server thread/WARN]: Can't keep up! Is the server overloaded? Running 2201ms or 44 ticks behind
[00:19:55] [Server thread/WARN]: Can't keep up! Is the server overloaded? Running 2017ms or 40 ticks behind
[00:20:21] [Server thread/WARN]: Can't keep up! Is the server overloaded? Running 2004ms or 40 ticks behind
[00:20:40] [Server thread/WARN]: Can't keep up! Is the server overloaded? Running 3744ms or 74 ticks behind
[00:21:02] [Server thread/WARN]: Can't keep up! Is the server overloaded? Running 4926ms or 98 ticks behind
[00:21:25] [Server thread/WARN]: Can't keep up! Is the server overloaded? Running 2010ms or 40 ticks behind
[00:21:48] [Server thread/INFO]: [SINBa: Teleported Noxtricks to TrueStory]
[00:24:27] [Server thread/WARN]: Can't keep up! Is the server overloaded? Running 3226ms or 64 ticks behind
[00:26:52] [Server thread/INFO]: TrueStory has made the advancement [Stone Age]
[00:28:18] [Server thread/INFO]: TrueStory has made the advancement [Getting an Upgrade]
[00:30:16] [Server thread/INFO]: Noxtricks has made the advancement [Monster Hunter]
[00:32:11] [Server thread/INFO]: TrueStory has made the advancement [Monster Hunter]
[00:34:48] [Server thread/INFO]: Noxtricks was shot by Skeleton
[00:35:07] [Server thread/WARN]: Mismatch in destroy block pos: fx{x=159, y=71, z=-95} fx{x=160, y=71, z=-96}
[00:35:10] [Server thread/WARN]: Mismatch in destroy block pos: fx{x=159, y=71, z=-95} fx{x=154, y=71, z=-103}
[00:35:13] [Server thread/WARN]: Mismatch in destroy block pos: fx{x=159, y=71, z=-95} fx{x=154, y=68, z=-107}
[00:35:13] [Server thread/WARN]: Mismatch in destroy block pos: fx{x=159, y=71, z=-95} fx{x=155, y=68, z=-107}
[00:35:13] [Server thread/WARN]: Mismatch in destroy block pos: fx{x=159, y=71, z=-95} fx{x=155, y=69, z=-106}
[00:35:13] [Server thread/WARN]: Mismatch in destroy block pos: fx{x=159, y=71, z=-95} fx{x=154, y=69, z=-106}
[00:35:13] [Server thread/WARN]: Mismatch in destroy block pos: fx{x=159, y=71, z=-95} fx{x=155, y=69, z=-106}
[00:35:14] [Server thread/WARN]: Mismatch in destroy block pos: fx{x=159, y=71, z=-95} fx{x=156, y=69, z=-107}
[00:35:14] [Server thread/WARN]: Mismatch in destroy block pos: fx{x=159, y=71, z=-95} fx{x=155, y=69, z=-106}
[00:35:14] [Server thread/WARN]: Mismatch in destroy block pos: fx{x=159, y=71, z=-95} fx{x=157, y=69, z=-106}
[00:35:15] [Server thread/WARN]: Mismatch in destroy block pos: fx{x=159, y=71, z=-95} fx{x=156, y=69, z=-106}
[00:35:15] [Server thread/WARN]: Mismatch in destroy block pos: fx{x=159, y=71, z=-95} fx{x=156, y=69, z=-107}
[00:35:15] [Server thread/WARN]: Mismatch in destroy block pos: fx{x=159, y=71, z=-95} fx{x=156, y=69, z=-107}
[00:35:15] [Server thread/WARN]: Mismatch in destroy block pos: fx{x=159, y=71, z=-95} fx{x=156, y=69, z=-107}
[00:35:15] [Server thread/WARN]: Mismatch in destroy block pos: fx{x=159, y=71, z=-95} fx{x=156, y=69, z=-107}
[00:35:17] [Server thread/WARN]: Mismatch in destroy block pos: fx{x=159, y=71, z=-95} fx{x=157, y=69, z=-107}
[00:35:18] [Server thread/WARN]: Mismatch in destroy block pos: fx{x=159, y=71, z=-95} fx{x=158, y=69, z=-107}
[00:35:18] [Server thread/WARN]: Mismatch in destroy block pos: fx{x=159, y=71, z=-95} fx{x=157, y=69, z=-107}
[00:35:19] [Server thread/WARN]: Mismatch in destroy block pos: fx{x=159, y=71, z=-95} fx{x=156, y=69, z=-107}
[00:35:19] [Server thread/WARN]: Mismatch in destroy block pos: fx{x=159, y=71, z=-95} fx{x=156, y=69, z=-106}
[00:35:19] [Server thread/WARN]: Mismatch in destroy block pos: fx{x=159, y=71, z=-95} fx{x=156, y=70, z=-105}
[00:35:26] [Server thread/INFO]: [SINBa: Teleported Noxtricks to TrueStory]
[00:39:34] [Server thread/INFO]: TrueStory has made the advancement [Acquire Hardware]
[00:48:16] [Server thread/INFO]: SINBa has made the advancement [Not Today, Thank You]
[00:50:47] [Server thread/INFO]: Noxtricks lost connection: Disconnected
[00:50:47] [Server thread/INFO]: Noxtricks left the game
[00:57:47] [Server thread/INFO]: TrueStory has made the advancement [A Seedy Place]
[01:02:21] [Server thread/INFO]: TrueStory has made the advancement [Isn't It Iron Pick]
[01:04:21] [Server thread/INFO]: <TrueStory> завёд к сереге в хату 2 крипера,думал он зайдет а они ебанут
[01:04:25] [Server thread/INFO]: <TrueStory> короче пропали(
[01:27:22] [Server thread/INFO]: TrueStory lost connection: Disconnected
[01:27:22] [Server thread/INFO]: TrueStory left the game
[01:27:34] [Server thread/INFO]: SINBa lost connection: Disconnected
[01:27:34] [Server thread/INFO]: SINBa left the game
[01:27:38] [Server thread/INFO]: Stopping server
[01:27:38] [Server thread/INFO]: Saving players
[01:27:38] [Server thread/INFO]: Saving worlds
[01:27:38] [Server thread/INFO]: Saving chunks for level 'ServerLevel[world]'/minecraft:overworld
[01:27:38] [Server thread/INFO]: ThreadedAnvilChunkStorage (world): All chunks are saved
[01:27:38] [Server thread/INFO]: Saving chunks for level 'ServerLevel[world]'/minecraft:the_nether
[01:27:38] [Server thread/INFO]: ThreadedAnvilChunkStorage (DIM-1): All chunks are saved
[01:27:38] [Server thread/INFO]: Saving chunks for level 'ServerLevel[world]'/minecraft:the_end
[01:27:38] [Server thread/INFO]: ThreadedAnvilChunkStorage (DIM1): All chunks are saved
[01:27:38] [Server thread/INFO]: ThreadedAnvilChunkStorage (world): All chunks are saved
[01:27:39] [Server thread/INFO]: ThreadedAnvilChunkStorage (DIM-1): All chunks are saved
[01:27:39] [Server thread/INFO]: ThreadedAnvilChunkStorage (DIM1): All chunks are saved
